<?xml version="1.0" encoding="UTF-8"?>
<!-- Generated by org.testng.reporters.JUnitXMLReporter -->
<testsuite ignored="0" hostname="Poornima" failures="0" tests="3" name="Test-2" time="49.953" errors="0" timestamp="2025-09-09T12:23:08 IST">
  <testcase classname="com.comcast.crm.pom.contacttest.CreateContactsTest" name="CreateContactWithOrgTest" time="14.737"/>
  <testcase classname="com.comcast.crm.pom.contacttest.CreateContactsTest" name="CreateContactWithSupportDataTest" time="5.36"/>
  <testcase classname="com.comcast.crm.pom.contacttest.CreateContactsTest" name="createContact" time="0.0">
    <skipped/>
  </testcase> <!-- createContact -->
</testsuite> <!-- Test-2 -->
