<?xml version="1.0" encoding="UTF-8"?>
<!-- Generated by org.testng.reporters.JUnitReportReporter -->
<testsuite hostname="Poornima" failures="0" tests="2" name="com.pac1.CreatecontactTest" time="0.028" errors="0" timestamp="2025-09-04T15:13:20 IST" skipped="0">
  <testcase classname="com.pac1.CreatecontactTest" name="createContact" time="0.019"/>
  <testcase classname="com.pac1.CreatecontactTest" name="createContactWithDate" time="0.009"/>
</testsuite> <!-- com.pac1.CreatecontactTest -->
