<?xml version="1.0" encoding="UTF-8"?>
<!-- Generated by org.testng.reporters.JUnitReportReporter -->
<testsuite hostname="Poornima" failures="0" tests="3" name="Practice.testng.GetProductinfoTest" time="105.509" errors="0" timestamp="2025-09-04T11:02:40 IST" skipped="0">
  <testcase classname="Practice.testng.GetProductinfoTest" name="getproductinfoTest" time="9.970"/>
  <testcase classname="Practice.testng.GetProductinfoTest" name="getproductinfoTest" time="9.268"/>
  <testcase classname="Practice.testng.GetProductinfoTest" name="getproductinfoTest" time="86.271"/>
</testsuite> <!-- Practice.testng.GetProductinfoTest -->
