<?xml version="1.0" encoding="UTF-8"?>
<!-- Generated by org.testng.reporters.JUnitReportReporter -->
<testsuite hostname="Poornima" failures="0" tests="3" name="Practice.testng.CreateContact_Dp_Test$CreateCntact_DP_Test" time="0.024" errors="0" timestamp="2025-09-02T16:14:10 IST" skipped="0">
  <testcase classname="Practice.testng.CreateContact_Dp_Test$CreateCntact_DP_Test" name="createContact" time="0.018"/>
  <testcase classname="Practice.testng.CreateContact_Dp_Test$CreateCntact_DP_Test" name="createContact" time="0.003"/>
  <testcase classname="Practice.testng.CreateContact_Dp_Test$CreateCntact_DP_Test" name="createContact" time="0.003"/>
</testsuite> <!-- Practice.testng.CreateContact_Dp_Test$CreateCntact_DP_Test -->
