<?xml version="1.0" encoding="UTF-8"?>
<!-- Generated by org.testng.reporters.JUnitReportReporter -->
<testsuite hostname="Poornima" failures="0" tests="1" name="com.comcast.crm.pom.orgtest.CreateOrganizationTest" time="9.088" errors="0" timestamp="2025-09-11T10:48:50 IST" skipped="0">
  <testcase classname="com.comcast.crm.pom.orgtest.CreateOrganizationTest" name="creatOrganization_Test" time="9.088"/>
</testsuite> <!-- com.comcast.crm.pom.orgtest.CreateOrganizationTest -->
