<?xml version="1.0" encoding="UTF-8"?>
<!-- Generated by org.testng.reporters.JUnitReportReporter -->
<testsuite hostname="Poornima" failures="0" tests="3" name="Practice.testng.CreateCntact_DP_Test" time="0.020" errors="0" timestamp="2025-09-02T16:04:22 IST" skipped="0">
  <testcase classname="Practice.testng.CreateCntact_DP_Test" name="createContact" time="0.003"/>
  <testcase classname="Practice.testng.CreateCntact_DP_Test" name="createContact" time="0.015"/>
  <testcase classname="Practice.testng.CreateCntact_DP_Test" name="createContact" time="0.002"/>
</testsuite> <!-- Practice.testng.CreateCntact_DP_Test -->
