<?xml version="1.0" encoding="UTF-8"?>
<!-- Generated by org.testng.reporters.JUnitReportReporter -->
<testsuite hostname="Poornima" failures="0" tests="1" name="com.comcast.crm.pom.orgtest.AutoHealing" time="7.414" errors="0" timestamp="2025-09-01T15:06:39 IST" skipped="0">
  <testcase classname="com.comcast.crm.pom.orgtest.AutoHealing" name="login" time="7.414"/>
</testsuite> <!-- com.comcast.crm.pom.orgtest.AutoHealing -->
