<?xml version="1.0" encoding="UTF-8"?>
<!-- Generated by org.testng.reporters.JUnitReportReporter -->
<testsuite hostname="Poornima" failures="0" tests="3" name="Practice.testng.SampleReportTest" time="12.393" errors="0" timestamp="2025-09-10T12:26:26 IST" skipped="0">
  <testcase classname="Practice.testng.SampleReportTest" name="createContactTest" time="12.332"/>
  <testcase classname="Practice.testng.SampleReportTest" name="createContactWithORG" time="0.036"/>
  <testcase classname="Practice.testng.SampleReportTest" name="createContactWithPhoneNumber" time="0.025"/>
</testsuite> <!-- Practice.testng.SampleReportTest -->
