<?xml version="1.0" encoding="UTF-8"?>
<!-- Generated by org.testng.reporters.JUnitReportReporter -->
<testsuite hostname="Poornima" failures="0" tests="2" name="com.crm.comcast.orgtest.CreateOrgTest" time="0.020" errors="0" timestamp="2025-09-04T15:13:20 IST" skipped="0">
  <testcase classname="com.crm.comcast.orgtest.CreateOrgTest" name="createOrgTest" time="0.005"/>
  <testcase classname="com.crm.comcast.orgtest.CreateOrgTest" name="createOrgWithIndustries" time="0.015"/>
</testsuite> <!-- com.crm.comcast.orgtest.CreateOrgTest -->
