<?xml version="1.0" encoding="UTF-8"?>
<!-- Generated by org.testng.reporters.JUnitReportReporter -->
<testsuite hostname="Poornima" failures="0" tests="3" name="com.comcast.crm.pom.contacttest.CreateContactsTest" time="27.160" errors="0" timestamp="2025-09-22T15:38:26 IST" skipped="0">
  <testcase classname="com.comcast.crm.pom.contacttest.CreateContactsTest" name="CreateContactWithOrgTest" time="11.198"/>
  <testcase classname="com.comcast.crm.pom.contacttest.CreateContactsTest" name="CreateContactWithSupportDataTest" time="7.983"/>
  <testcase classname="com.comcast.crm.pom.contacttest.CreateContactsTest" name="createContact" time="7.979"/>
</testsuite> <!-- com.comcast.crm.pom.contacttest.CreateContactsTest -->
