<?xml version="1.0" encoding="UTF-8"?>
<!-- Generated by org.testng.reporters.JUnitReportReporter -->
<testsuite hostname="Poornima" failures="0" tests="1" name="Practice.testng.SampleTestForScreenshot" time="5.618" errors="0" timestamp="2025-09-18T16:34:34 IST" skipped="0">
  <testcase classname="Practice.testng.SampleTestForScreenshot" name="amazonTest" time="5.618"/>
</testsuite> <!-- Practice.testng.SampleTestForScreenshot -->
