<?xml version="1.0" encoding="UTF-8"?>
<!-- Generated by org.testng.reporters.JUnitReportReporter -->
<testsuite hostname="Poornima" failures="0" tests="2" name="Practice.testng.SampleTest" time="0.022" errors="0" timestamp="2025-09-02T11:27:42 IST" skipped="0">
  <testcase classname="Practice.testng.SampleTest" name="createContactTest" time="0.018"/>
  <testcase classname="Practice.testng.SampleTest" name="createContactwithMobileNumberTest" time="0.004"/>
</testsuite> <!-- Practice.testng.SampleTest -->
