<?xml version="1.0" encoding="UTF-8"?>
<!-- Generated by org.testng.reporters.JUnitReportReporter -->
<testsuite hostname="Poornima" failures="0" tests="2" name="ppractice.homepagetest.HomepageVerificationTest" time="18.445" errors="0" timestamp="2025-09-08T11:48:57 IST" skipped="0">
  <testcase classname="ppractice.homepagetest.HomepageVerificationTest" name="verifyLogopageTest" time="7.220"/>
  <testcase classname="ppractice.homepagetest.HomepageVerificationTest" name="homePageTest" time="11.225"/>
</testsuite> <!-- ppractice.homepagetest.HomepageVerificationTest -->
