<?xml version="1.0" encoding="UTF-8"?>
<!-- Generated by org.testng.reporters.JUnitReportReporter -->
<testsuite hostname="Poornima" failures="0" tests="2" name="Practice.testng.OrderTest" time="0.016" errors="0" timestamp="2025-09-02T14:48:14 IST" skipped="0">
  <testcase classname="Practice.testng.OrderTest" name="billingAnorder" time="0.002"/>
  <testcase classname="Practice.testng.OrderTest" name="createOrderTest" time="0.014"/>
</testsuite> <!-- Practice.testng.OrderTest -->
