<?xml version="1.0" encoding="UTF-8"?>
<!-- Generated by org.testng.reporters.JUnitReportReporter -->
<testsuite hostname="Poornima" failures="0" tests="1" name="Practice.testng.ContactTest" time="0.013" errors="0" timestamp="2025-09-02T14:55:11 IST" skipped="0">
  <testcase classname="Practice.testng.ContactTest" name="createContactTest" time="0.013"/>
</testsuite> <!-- Practice.testng.ContactTest -->
